<?xml version="1.0" encoding="UTF-8"?>
<!-- Generated by org.testng.reporters.JUnitReportReporter -->
<testsuite ignored="0" hostname="Khandkers-MacBook-Pro.local" failures="0" tests="1" name="testModel.Testcase1" time="17.568" errors="0" timestamp="01 Apr 2021 01:30:55 GMT" skipped="0">
  <testcase classname="testModel.Testcase1" name="pageModelTest" time="17.568"/>
</testsuite> <!-- testModel.Testcase1 -->
